mode: set
github.com/joe-ton/ai-daily/main.go:13.47,14.28 1 1
github.com/joe-ton/ai-daily/main.go:14.28,16.6 1 0
github.com/joe-ton/ai-daily/main.go:17.5,19.38 2 1
github.com/joe-ton/ai-daily/main.go:19.38,21.56 2 1
github.com/joe-ton/ai-daily/main.go:21.56,23.10 1 1
github.com/joe-ton/ai-daily/main.go:24.9,24.26 1 1
github.com/joe-ton/ai-daily/main.go:26.5,26.46 1 0
github.com/joe-ton/ai-daily/main.go:29.13,33.19 3 0
github.com/joe-ton/ai-daily/main.go:33.19,35.6 1 0
github.com/joe-ton/ai-daily/main.go:35.11,37.6 1 0
