mode: set
github.com/joe-ton/ai-daily/main.go:13.45,14.27 1 1
github.com/joe-ton/ai-daily/main.go:14.27,16.6 1 0
github.com/joe-ton/ai-daily/main.go:17.5,19.37 2 1
github.com/joe-ton/ai-daily/main.go:19.37,21.54 2 1
github.com/joe-ton/ai-daily/main.go:21.54,23.10 1 1
github.com/joe-ton/ai-daily/main.go:24.9,24.24 1 1
github.com/joe-ton/ai-daily/main.go:26.5,26.46 1 0
github.com/joe-ton/ai-daily/main.go:29.13,32.19 3 0
github.com/joe-ton/ai-daily/main.go:32.19,34.6 1 0
github.com/joe-ton/ai-daily/main.go:34.11,36.6 1 0
