mode: set
github.com/joe-ton/ai-daily/main.go:14.47,15.28 1 1
github.com/joe-ton/ai-daily/main.go:15.28,17.6 1 0
github.com/joe-ton/ai-daily/main.go:18.5,18.25 1 1
github.com/joe-ton/ai-daily/main.go:18.25,20.6 1 0
github.com/joe-ton/ai-daily/main.go:22.5,24.38 2 1
github.com/joe-ton/ai-daily/main.go:24.38,26.54 2 1
github.com/joe-ton/ai-daily/main.go:26.54,28.10 1 1
github.com/joe-ton/ai-daily/main.go:29.9,29.24 1 1
github.com/joe-ton/ai-daily/main.go:31.5,31.46 1 0
github.com/joe-ton/ai-daily/main.go:34.13,37.19 3 0
github.com/joe-ton/ai-daily/main.go:37.19,39.6 1 0
github.com/joe-ton/ai-daily/main.go:39.11,41.6 1 0
